2023-07-10 15:15:15,896 INFO 23690 [egg-schedule]: register schedule /Users/xujiashuang/Desktop/task-backend/node_modules/_egg-multipart@3.3.0@egg-multipart/app/schedule/clean_tmpdir.js
2023-07-10 15:15:15,896 INFO 23690 [egg-schedule]: register schedule /Users/xujiashuang/Desktop/task-backend/node_modules/_egg-logrotator@3.1.0@egg-logrotator/app/schedule/clean_log.js
2023-07-10 15:15:15,896 INFO 23690 [egg-schedule]: register schedule /Users/xujiashuang/Desktop/task-backend/node_modules/_egg-logrotator@3.1.0@egg-logrotator/app/schedule/rotate_by_file.js
2023-07-10 15:17:57,148 INFO 24200 [egg-schedule]: register schedule /Users/xujiashuang/Desktop/task-backend/node_modules/_egg-multipart@3.3.0@egg-multipart/app/schedule/clean_tmpdir.js
2023-07-10 15:17:57,149 INFO 24200 [egg-schedule]: register schedule /Users/xujiashuang/Desktop/task-backend/node_modules/_egg-logrotator@3.1.0@egg-logrotator/app/schedule/clean_log.js
2023-07-10 15:17:57,149 INFO 24200 [egg-schedule]: register schedule /Users/xujiashuang/Desktop/task-backend/node_modules/_egg-logrotator@3.1.0@egg-logrotator/app/schedule/rotate_by_file.js
2023-07-10 15:22:01,716 INFO 24436 [egg-schedule]: register schedule /Users/xujiashuang/Desktop/task-backend/node_modules/_egg-multipart@3.3.0@egg-multipart/app/schedule/clean_tmpdir.js
2023-07-10 15:22:01,716 INFO 24436 [egg-schedule]: register schedule /Users/xujiashuang/Desktop/task-backend/node_modules/_egg-logrotator@3.1.0@egg-logrotator/app/schedule/clean_log.js
2023-07-10 15:22:01,716 INFO 24436 [egg-schedule]: register schedule /Users/xujiashuang/Desktop/task-backend/node_modules/_egg-logrotator@3.1.0@egg-logrotator/app/schedule/rotate_by_file.js
2023-07-10 15:22:26,867 INFO 24478 [egg-schedule]: register schedule /Users/xujiashuang/Desktop/task-backend/node_modules/_egg-multipart@3.3.0@egg-multipart/app/schedule/clean_tmpdir.js
2023-07-10 15:22:26,867 INFO 24478 [egg-schedule]: register schedule /Users/xujiashuang/Desktop/task-backend/node_modules/_egg-logrotator@3.1.0@egg-logrotator/app/schedule/clean_log.js
2023-07-10 15:22:26,867 INFO 24478 [egg-schedule]: register schedule /Users/xujiashuang/Desktop/task-backend/node_modules/_egg-logrotator@3.1.0@egg-logrotator/app/schedule/rotate_by_file.js
2023-07-10 15:35:05,228 INFO 24736 [Timer] /Users/xujiashuang/Desktop/task-backend/node_modules/_egg-multipart@3.3.0@egg-multipart/app/schedule/clean_tmpdir.js next time will execute after 46494773ms at 2023-07-11 04:30:00.001
2023-07-10 15:35:05,228 INFO 24736 [Timer] /Users/xujiashuang/Desktop/task-backend/node_modules/_egg-logrotator@3.1.0@egg-logrotator/app/schedule/clean_log.js next time will execute after 30294772ms at 2023-07-11 00:00:00.000
2023-07-10 15:35:05,228 INFO 24736 [Timer] /Users/xujiashuang/Desktop/task-backend/node_modules/_egg-logrotator@3.1.0@egg-logrotator/app/schedule/rotate_by_file.js next time will execute after 30295772ms at 2023-07-11 00:00:01.000
2023-07-10 15:35:05,152 INFO 24740 [egg-schedule]: register schedule /Users/xujiashuang/Desktop/task-backend/node_modules/_egg-multipart@3.3.0@egg-multipart/app/schedule/clean_tmpdir.js
2023-07-10 15:35:05,152 INFO 24740 [egg-schedule]: register schedule /Users/xujiashuang/Desktop/task-backend/node_modules/_egg-logrotator@3.1.0@egg-logrotator/app/schedule/clean_log.js
2023-07-10 15:35:05,152 INFO 24740 [egg-schedule]: register schedule /Users/xujiashuang/Desktop/task-backend/node_modules/_egg-logrotator@3.1.0@egg-logrotator/app/schedule/rotate_by_file.js
2023-07-10 15:36:26,787 INFO 24785 [egg-schedule]: register schedule /Users/xujiashuang/Desktop/task-backend/node_modules/_egg-multipart@3.3.0@egg-multipart/app/schedule/clean_tmpdir.js
2023-07-10 15:36:26,787 INFO 24785 [egg-schedule]: register schedule /Users/xujiashuang/Desktop/task-backend/node_modules/_egg-logrotator@3.1.0@egg-logrotator/app/schedule/clean_log.js
2023-07-10 15:36:26,787 INFO 24785 [egg-schedule]: register schedule /Users/xujiashuang/Desktop/task-backend/node_modules/_egg-logrotator@3.1.0@egg-logrotator/app/schedule/rotate_by_file.js
2023-07-10 15:36:57,448 INFO 24801 [egg-schedule]: register schedule /Users/xujiashuang/Desktop/task-backend/node_modules/_egg-multipart@3.3.0@egg-multipart/app/schedule/clean_tmpdir.js
2023-07-10 15:36:57,448 INFO 24801 [egg-schedule]: register schedule /Users/xujiashuang/Desktop/task-backend/node_modules/_egg-logrotator@3.1.0@egg-logrotator/app/schedule/clean_log.js
2023-07-10 15:36:57,448 INFO 24801 [egg-schedule]: register schedule /Users/xujiashuang/Desktop/task-backend/node_modules/_egg-logrotator@3.1.0@egg-logrotator/app/schedule/rotate_by_file.js
2023-07-10 15:37:05,607 INFO 24809 [egg-schedule]: register schedule /Users/xujiashuang/Desktop/task-backend/node_modules/_egg-multipart@3.3.0@egg-multipart/app/schedule/clean_tmpdir.js
2023-07-10 15:37:05,607 INFO 24809 [egg-schedule]: register schedule /Users/xujiashuang/Desktop/task-backend/node_modules/_egg-logrotator@3.1.0@egg-logrotator/app/schedule/clean_log.js
2023-07-10 15:37:05,607 INFO 24809 [egg-schedule]: register schedule /Users/xujiashuang/Desktop/task-backend/node_modules/_egg-logrotator@3.1.0@egg-logrotator/app/schedule/rotate_by_file.js
2023-07-10 15:37:18,979 INFO 24815 [egg-schedule]: register schedule /Users/xujiashuang/Desktop/task-backend/node_modules/_egg-multipart@3.3.0@egg-multipart/app/schedule/clean_tmpdir.js
2023-07-10 15:37:18,979 INFO 24815 [egg-schedule]: register schedule /Users/xujiashuang/Desktop/task-backend/node_modules/_egg-logrotator@3.1.0@egg-logrotator/app/schedule/clean_log.js
2023-07-10 15:37:18,979 INFO 24815 [egg-schedule]: register schedule /Users/xujiashuang/Desktop/task-backend/node_modules/_egg-logrotator@3.1.0@egg-logrotator/app/schedule/rotate_by_file.js
2023-07-10 15:38:24,118 INFO 24824 [egg-schedule]: register schedule /Users/xujiashuang/Desktop/task-backend/node_modules/_egg-multipart@3.3.0@egg-multipart/app/schedule/clean_tmpdir.js
2023-07-10 15:38:24,119 INFO 24824 [egg-schedule]: register schedule /Users/xujiashuang/Desktop/task-backend/node_modules/_egg-logrotator@3.1.0@egg-logrotator/app/schedule/clean_log.js
2023-07-10 15:38:24,119 INFO 24824 [egg-schedule]: register schedule /Users/xujiashuang/Desktop/task-backend/node_modules/_egg-logrotator@3.1.0@egg-logrotator/app/schedule/rotate_by_file.js
2023-07-10 15:38:31,251 INFO 24854 [Timer] /Users/xujiashuang/Desktop/task-backend/node_modules/_egg-multipart@3.3.0@egg-multipart/app/schedule/clean_tmpdir.js next time will execute after 46288750ms at 2023-07-11 04:30:00.001
2023-07-10 15:38:31,251 INFO 24854 [Timer] /Users/xujiashuang/Desktop/task-backend/node_modules/_egg-logrotator@3.1.0@egg-logrotator/app/schedule/clean_log.js next time will execute after 30088749ms at 2023-07-11 00:00:00.000
2023-07-10 15:38:31,252 INFO 24854 [Timer] /Users/xujiashuang/Desktop/task-backend/node_modules/_egg-logrotator@3.1.0@egg-logrotator/app/schedule/rotate_by_file.js next time will execute after 30089748ms at 2023-07-11 00:00:01.000
2023-07-10 15:38:31,180 INFO 24858 [egg-schedule]: register schedule /Users/xujiashuang/Desktop/task-backend/node_modules/_egg-multipart@3.3.0@egg-multipart/app/schedule/clean_tmpdir.js
2023-07-10 15:38:31,180 INFO 24858 [egg-schedule]: register schedule /Users/xujiashuang/Desktop/task-backend/node_modules/_egg-logrotator@3.1.0@egg-logrotator/app/schedule/clean_log.js
2023-07-10 15:38:31,180 INFO 24858 [egg-schedule]: register schedule /Users/xujiashuang/Desktop/task-backend/node_modules/_egg-logrotator@3.1.0@egg-logrotator/app/schedule/rotate_by_file.js
2023-07-10 15:38:44,479 INFO 24871 [egg-schedule]: register schedule /Users/xujiashuang/Desktop/task-backend/node_modules/_egg-multipart@3.3.0@egg-multipart/app/schedule/clean_tmpdir.js
2023-07-10 15:38:44,479 INFO 24871 [egg-schedule]: register schedule /Users/xujiashuang/Desktop/task-backend/node_modules/_egg-logrotator@3.1.0@egg-logrotator/app/schedule/clean_log.js
2023-07-10 15:38:44,479 INFO 24871 [egg-schedule]: register schedule /Users/xujiashuang/Desktop/task-backend/node_modules/_egg-logrotator@3.1.0@egg-logrotator/app/schedule/rotate_by_file.js
2023-07-10 15:38:59,142 INFO 24882 [egg-schedule]: register schedule /Users/xujiashuang/Desktop/task-backend/node_modules/_egg-multipart@3.3.0@egg-multipart/app/schedule/clean_tmpdir.js
2023-07-10 15:38:59,142 INFO 24882 [egg-schedule]: register schedule /Users/xujiashuang/Desktop/task-backend/node_modules/_egg-logrotator@3.1.0@egg-logrotator/app/schedule/clean_log.js
2023-07-10 15:38:59,142 INFO 24882 [egg-schedule]: register schedule /Users/xujiashuang/Desktop/task-backend/node_modules/_egg-logrotator@3.1.0@egg-logrotator/app/schedule/rotate_by_file.js
2023-07-10 15:39:25,902 INFO 24887 [egg-schedule]: register schedule /Users/xujiashuang/Desktop/task-backend/node_modules/_egg-multipart@3.3.0@egg-multipart/app/schedule/clean_tmpdir.js
2023-07-10 15:39:25,902 INFO 24887 [egg-schedule]: register schedule /Users/xujiashuang/Desktop/task-backend/node_modules/_egg-logrotator@3.1.0@egg-logrotator/app/schedule/clean_log.js
2023-07-10 15:39:25,902 INFO 24887 [egg-schedule]: register schedule /Users/xujiashuang/Desktop/task-backend/node_modules/_egg-logrotator@3.1.0@egg-logrotator/app/schedule/rotate_by_file.js
2023-07-10 15:39:36,353 INFO 25294 [Timer] /Users/xujiashuang/Desktop/task-backend/node_modules/_egg-multipart@3.3.0@egg-multipart/app/schedule/clean_tmpdir.js next time will execute after 46223649ms at 2023-07-11 04:30:00.002
2023-07-10 15:39:36,353 INFO 25294 [Timer] /Users/xujiashuang/Desktop/task-backend/node_modules/_egg-logrotator@3.1.0@egg-logrotator/app/schedule/clean_log.js next time will execute after 30023647ms at 2023-07-11 00:00:00.000
2023-07-10 15:39:36,353 INFO 25294 [Timer] /Users/xujiashuang/Desktop/task-backend/node_modules/_egg-logrotator@3.1.0@egg-logrotator/app/schedule/rotate_by_file.js next time will execute after 30024647ms at 2023-07-11 00:00:01.000
2023-07-10 15:39:36,276 INFO 25298 [egg-schedule]: register schedule /Users/xujiashuang/Desktop/task-backend/node_modules/_egg-multipart@3.3.0@egg-multipart/app/schedule/clean_tmpdir.js
2023-07-10 15:39:36,276 INFO 25298 [egg-schedule]: register schedule /Users/xujiashuang/Desktop/task-backend/node_modules/_egg-logrotator@3.1.0@egg-logrotator/app/schedule/clean_log.js
2023-07-10 15:39:36,276 INFO 25298 [egg-schedule]: register schedule /Users/xujiashuang/Desktop/task-backend/node_modules/_egg-logrotator@3.1.0@egg-logrotator/app/schedule/rotate_by_file.js
2023-07-10 15:39:59,993 INFO 25307 [egg-schedule]: register schedule /Users/xujiashuang/Desktop/task-backend/node_modules/_egg-multipart@3.3.0@egg-multipart/app/schedule/clean_tmpdir.js
2023-07-10 15:39:59,993 INFO 25307 [egg-schedule]: register schedule /Users/xujiashuang/Desktop/task-backend/node_modules/_egg-logrotator@3.1.0@egg-logrotator/app/schedule/clean_log.js
2023-07-10 15:39:59,993 INFO 25307 [egg-schedule]: register schedule /Users/xujiashuang/Desktop/task-backend/node_modules/_egg-logrotator@3.1.0@egg-logrotator/app/schedule/rotate_by_file.js
2023-07-10 15:42:04,548 INFO 25790 [egg-schedule]: register schedule /Users/xujiashuang/Desktop/task-backend/node_modules/_egg-multipart@3.3.0@egg-multipart/app/schedule/clean_tmpdir.js
2023-07-10 15:42:04,549 INFO 25790 [egg-schedule]: register schedule /Users/xujiashuang/Desktop/task-backend/node_modules/_egg-logrotator@3.1.0@egg-logrotator/app/schedule/clean_log.js
2023-07-10 15:42:04,549 INFO 25790 [egg-schedule]: register schedule /Users/xujiashuang/Desktop/task-backend/node_modules/_egg-logrotator@3.1.0@egg-logrotator/app/schedule/rotate_by_file.js
2023-07-10 15:44:39,275 INFO 25901 [egg-schedule]: register schedule /Users/xujiashuang/Desktop/task-backend/node_modules/_egg-multipart@3.3.0@egg-multipart/app/schedule/clean_tmpdir.js
2023-07-10 15:44:39,275 INFO 25901 [egg-schedule]: register schedule /Users/xujiashuang/Desktop/task-backend/node_modules/_egg-logrotator@3.1.0@egg-logrotator/app/schedule/clean_log.js
2023-07-10 15:44:39,275 INFO 25901 [egg-schedule]: register schedule /Users/xujiashuang/Desktop/task-backend/node_modules/_egg-logrotator@3.1.0@egg-logrotator/app/schedule/rotate_by_file.js
2023-07-10 15:44:43,137 INFO 25906 [egg-schedule]: register schedule /Users/xujiashuang/Desktop/task-backend/node_modules/_egg-multipart@3.3.0@egg-multipart/app/schedule/clean_tmpdir.js
2023-07-10 15:44:43,137 INFO 25906 [egg-schedule]: register schedule /Users/xujiashuang/Desktop/task-backend/node_modules/_egg-logrotator@3.1.0@egg-logrotator/app/schedule/clean_log.js
2023-07-10 15:44:43,137 INFO 25906 [egg-schedule]: register schedule /Users/xujiashuang/Desktop/task-backend/node_modules/_egg-logrotator@3.1.0@egg-logrotator/app/schedule/rotate_by_file.js
2023-07-10 15:45:03,873 INFO 25913 [egg-schedule]: register schedule /Users/xujiashuang/Desktop/task-backend/node_modules/_egg-multipart@3.3.0@egg-multipart/app/schedule/clean_tmpdir.js
2023-07-10 15:45:03,873 INFO 25913 [egg-schedule]: register schedule /Users/xujiashuang/Desktop/task-backend/node_modules/_egg-logrotator@3.1.0@egg-logrotator/app/schedule/clean_log.js
2023-07-10 15:45:03,873 INFO 25913 [egg-schedule]: register schedule /Users/xujiashuang/Desktop/task-backend/node_modules/_egg-logrotator@3.1.0@egg-logrotator/app/schedule/rotate_by_file.js
2023-07-10 15:45:36,674 INFO 25924 [egg-schedule]: register schedule /Users/xujiashuang/Desktop/task-backend/node_modules/_egg-multipart@3.3.0@egg-multipart/app/schedule/clean_tmpdir.js
2023-07-10 15:45:36,674 INFO 25924 [egg-schedule]: register schedule /Users/xujiashuang/Desktop/task-backend/node_modules/_egg-logrotator@3.1.0@egg-logrotator/app/schedule/clean_log.js
2023-07-10 15:45:36,674 INFO 25924 [egg-schedule]: register schedule /Users/xujiashuang/Desktop/task-backend/node_modules/_egg-logrotator@3.1.0@egg-logrotator/app/schedule/rotate_by_file.js
2023-07-10 15:49:09,440 INFO 25948 [egg-schedule]: register schedule /Users/xujiashuang/Desktop/task-backend/node_modules/_egg-multipart@3.3.0@egg-multipart/app/schedule/clean_tmpdir.js
2023-07-10 15:49:09,440 INFO 25948 [egg-schedule]: register schedule /Users/xujiashuang/Desktop/task-backend/node_modules/_egg-logrotator@3.1.0@egg-logrotator/app/schedule/clean_log.js
2023-07-10 15:49:09,440 INFO 25948 [egg-schedule]: register schedule /Users/xujiashuang/Desktop/task-backend/node_modules/_egg-logrotator@3.1.0@egg-logrotator/app/schedule/rotate_by_file.js
2023-07-10 15:50:09,510 INFO 25995 [egg-schedule]: register schedule /Users/xujiashuang/Desktop/task-backend/node_modules/_egg-multipart@3.3.0@egg-multipart/app/schedule/clean_tmpdir.js
2023-07-10 15:50:09,510 INFO 25995 [egg-schedule]: register schedule /Users/xujiashuang/Desktop/task-backend/node_modules/_egg-logrotator@3.1.0@egg-logrotator/app/schedule/clean_log.js
2023-07-10 15:50:09,510 INFO 25995 [egg-schedule]: register schedule /Users/xujiashuang/Desktop/task-backend/node_modules/_egg-logrotator@3.1.0@egg-logrotator/app/schedule/rotate_by_file.js
2023-07-10 15:50:11,026 INFO 26000 [egg-schedule]: register schedule /Users/xujiashuang/Desktop/task-backend/node_modules/_egg-multipart@3.3.0@egg-multipart/app/schedule/clean_tmpdir.js
2023-07-10 15:50:11,026 INFO 26000 [egg-schedule]: register schedule /Users/xujiashuang/Desktop/task-backend/node_modules/_egg-logrotator@3.1.0@egg-logrotator/app/schedule/clean_log.js
2023-07-10 15:50:11,026 INFO 26000 [egg-schedule]: register schedule /Users/xujiashuang/Desktop/task-backend/node_modules/_egg-logrotator@3.1.0@egg-logrotator/app/schedule/rotate_by_file.js
2023-07-10 15:50:49,713 INFO 26020 [egg-schedule]: register schedule /Users/xujiashuang/Desktop/task-backend/node_modules/_egg-multipart@3.3.0@egg-multipart/app/schedule/clean_tmpdir.js
2023-07-10 15:50:49,713 INFO 26020 [egg-schedule]: register schedule /Users/xujiashuang/Desktop/task-backend/node_modules/_egg-logrotator@3.1.0@egg-logrotator/app/schedule/clean_log.js
2023-07-10 15:50:49,713 INFO 26020 [egg-schedule]: register schedule /Users/xujiashuang/Desktop/task-backend/node_modules/_egg-logrotator@3.1.0@egg-logrotator/app/schedule/rotate_by_file.js
2023-07-10 15:50:54,430 INFO 26029 [egg-schedule]: register schedule /Users/xujiashuang/Desktop/task-backend/node_modules/_egg-multipart@3.3.0@egg-multipart/app/schedule/clean_tmpdir.js
2023-07-10 15:50:54,430 INFO 26029 [egg-schedule]: register schedule /Users/xujiashuang/Desktop/task-backend/node_modules/_egg-logrotator@3.1.0@egg-logrotator/app/schedule/clean_log.js
2023-07-10 15:50:54,430 INFO 26029 [egg-schedule]: register schedule /Users/xujiashuang/Desktop/task-backend/node_modules/_egg-logrotator@3.1.0@egg-logrotator/app/schedule/rotate_by_file.js
2023-07-10 15:51:27,282 INFO 26034 [egg-schedule]: register schedule /Users/xujiashuang/Desktop/task-backend/node_modules/_egg-multipart@3.3.0@egg-multipart/app/schedule/clean_tmpdir.js
2023-07-10 15:51:27,282 INFO 26034 [egg-schedule]: register schedule /Users/xujiashuang/Desktop/task-backend/node_modules/_egg-logrotator@3.1.0@egg-logrotator/app/schedule/clean_log.js
2023-07-10 15:51:27,282 INFO 26034 [egg-schedule]: register schedule /Users/xujiashuang/Desktop/task-backend/node_modules/_egg-logrotator@3.1.0@egg-logrotator/app/schedule/rotate_by_file.js
2023-07-10 15:54:07,065 INFO 26052 [egg-schedule]: register schedule /Users/xujiashuang/Desktop/task-backend/node_modules/_egg-multipart@3.3.0@egg-multipart/app/schedule/clean_tmpdir.js
2023-07-10 15:54:07,065 INFO 26052 [egg-schedule]: register schedule /Users/xujiashuang/Desktop/task-backend/node_modules/_egg-logrotator@3.1.0@egg-logrotator/app/schedule/clean_log.js
2023-07-10 15:54:07,065 INFO 26052 [egg-schedule]: register schedule /Users/xujiashuang/Desktop/task-backend/node_modules/_egg-logrotator@3.1.0@egg-logrotator/app/schedule/rotate_by_file.js
2023-07-10 15:54:12,614 INFO 26060 [egg-schedule]: register schedule /Users/xujiashuang/Desktop/task-backend/node_modules/_egg-multipart@3.3.0@egg-multipart/app/schedule/clean_tmpdir.js
2023-07-10 15:54:12,614 INFO 26060 [egg-schedule]: register schedule /Users/xujiashuang/Desktop/task-backend/node_modules/_egg-logrotator@3.1.0@egg-logrotator/app/schedule/clean_log.js
2023-07-10 15:54:12,614 INFO 26060 [egg-schedule]: register schedule /Users/xujiashuang/Desktop/task-backend/node_modules/_egg-logrotator@3.1.0@egg-logrotator/app/schedule/rotate_by_file.js
2023-07-10 15:54:44,831 INFO 26067 [egg-schedule]: register schedule /Users/xujiashuang/Desktop/task-backend/node_modules/_egg-multipart@3.3.0@egg-multipart/app/schedule/clean_tmpdir.js
2023-07-10 15:54:44,831 INFO 26067 [egg-schedule]: register schedule /Users/xujiashuang/Desktop/task-backend/node_modules/_egg-logrotator@3.1.0@egg-logrotator/app/schedule/clean_log.js
2023-07-10 15:54:44,831 INFO 26067 [egg-schedule]: register schedule /Users/xujiashuang/Desktop/task-backend/node_modules/_egg-logrotator@3.1.0@egg-logrotator/app/schedule/rotate_by_file.js
2023-07-10 15:56:07,976 INFO 26076 [egg-schedule]: register schedule /Users/xujiashuang/Desktop/task-backend/node_modules/_egg-multipart@3.3.0@egg-multipart/app/schedule/clean_tmpdir.js
2023-07-10 15:56:07,976 INFO 26076 [egg-schedule]: register schedule /Users/xujiashuang/Desktop/task-backend/node_modules/_egg-logrotator@3.1.0@egg-logrotator/app/schedule/clean_log.js
2023-07-10 15:56:07,976 INFO 26076 [egg-schedule]: register schedule /Users/xujiashuang/Desktop/task-backend/node_modules/_egg-logrotator@3.1.0@egg-logrotator/app/schedule/rotate_by_file.js
2023-07-10 15:56:47,796 INFO 26091 [egg-schedule]: register schedule /Users/xujiashuang/Desktop/task-backend/node_modules/_egg-multipart@3.3.0@egg-multipart/app/schedule/clean_tmpdir.js
2023-07-10 15:56:47,796 INFO 26091 [egg-schedule]: register schedule /Users/xujiashuang/Desktop/task-backend/node_modules/_egg-logrotator@3.1.0@egg-logrotator/app/schedule/clean_log.js
2023-07-10 15:56:47,796 INFO 26091 [egg-schedule]: register schedule /Users/xujiashuang/Desktop/task-backend/node_modules/_egg-logrotator@3.1.0@egg-logrotator/app/schedule/rotate_by_file.js
2023-07-10 15:57:04,090 INFO 26096 [egg-schedule]: register schedule /Users/xujiashuang/Desktop/task-backend/node_modules/_egg-multipart@3.3.0@egg-multipart/app/schedule/clean_tmpdir.js
2023-07-10 15:57:04,090 INFO 26096 [egg-schedule]: register schedule /Users/xujiashuang/Desktop/task-backend/node_modules/_egg-logrotator@3.1.0@egg-logrotator/app/schedule/clean_log.js
2023-07-10 15:57:04,090 INFO 26096 [egg-schedule]: register schedule /Users/xujiashuang/Desktop/task-backend/node_modules/_egg-logrotator@3.1.0@egg-logrotator/app/schedule/rotate_by_file.js
2023-07-10 16:06:24,686 INFO 26297 [egg-schedule]: register schedule /Users/xujiashuang/Desktop/task-backend/node_modules/_egg-multipart@3.3.0@egg-multipart/app/schedule/clean_tmpdir.js
2023-07-10 16:06:24,686 INFO 26297 [egg-schedule]: register schedule /Users/xujiashuang/Desktop/task-backend/node_modules/_egg-logrotator@3.1.0@egg-logrotator/app/schedule/clean_log.js
2023-07-10 16:06:24,686 INFO 26297 [egg-schedule]: register schedule /Users/xujiashuang/Desktop/task-backend/node_modules/_egg-logrotator@3.1.0@egg-logrotator/app/schedule/rotate_by_file.js
2023-07-10 16:09:08,617 INFO 26379 [egg-schedule]: register schedule /Users/xujiashuang/Desktop/task-backend/node_modules/_egg-multipart@3.3.0@egg-multipart/app/schedule/clean_tmpdir.js
2023-07-10 16:09:08,617 INFO 26379 [egg-schedule]: register schedule /Users/xujiashuang/Desktop/task-backend/node_modules/_egg-logrotator@3.1.0@egg-logrotator/app/schedule/clean_log.js
2023-07-10 16:09:08,617 INFO 26379 [egg-schedule]: register schedule /Users/xujiashuang/Desktop/task-backend/node_modules/_egg-logrotator@3.1.0@egg-logrotator/app/schedule/rotate_by_file.js
2023-07-10 16:15:27,629 INFO 26507 [egg-schedule]: register schedule /Users/xujiashuang/Desktop/task-backend/node_modules/_egg-multipart@3.3.0@egg-multipart/app/schedule/clean_tmpdir.js
2023-07-10 16:15:27,629 INFO 26507 [egg-schedule]: register schedule /Users/xujiashuang/Desktop/task-backend/node_modules/_egg-logrotator@3.1.0@egg-logrotator/app/schedule/clean_log.js
2023-07-10 16:15:27,629 INFO 26507 [egg-schedule]: register schedule /Users/xujiashuang/Desktop/task-backend/node_modules/_egg-logrotator@3.1.0@egg-logrotator/app/schedule/rotate_by_file.js
2023-07-10 16:16:05,607 INFO 26525 [egg-schedule]: register schedule /Users/xujiashuang/Desktop/task-backend/node_modules/_egg-multipart@3.3.0@egg-multipart/app/schedule/clean_tmpdir.js
2023-07-10 16:16:05,607 INFO 26525 [egg-schedule]: register schedule /Users/xujiashuang/Desktop/task-backend/node_modules/_egg-logrotator@3.1.0@egg-logrotator/app/schedule/clean_log.js
2023-07-10 16:16:05,607 INFO 26525 [egg-schedule]: register schedule /Users/xujiashuang/Desktop/task-backend/node_modules/_egg-logrotator@3.1.0@egg-logrotator/app/schedule/rotate_by_file.js
2023-07-10 16:17:30,412 INFO 26532 [egg-schedule]: register schedule /Users/xujiashuang/Desktop/task-backend/node_modules/_egg-multipart@3.3.0@egg-multipart/app/schedule/clean_tmpdir.js
2023-07-10 16:17:30,412 INFO 26532 [egg-schedule]: register schedule /Users/xujiashuang/Desktop/task-backend/node_modules/_egg-logrotator@3.1.0@egg-logrotator/app/schedule/clean_log.js
2023-07-10 16:17:30,412 INFO 26532 [egg-schedule]: register schedule /Users/xujiashuang/Desktop/task-backend/node_modules/_egg-logrotator@3.1.0@egg-logrotator/app/schedule/rotate_by_file.js
2023-07-10 16:18:37,684 INFO 26556 [egg-schedule]: register schedule /Users/xujiashuang/Desktop/task-backend/node_modules/_egg-multipart@3.3.0@egg-multipart/app/schedule/clean_tmpdir.js
2023-07-10 16:18:37,684 INFO 26556 [egg-schedule]: register schedule /Users/xujiashuang/Desktop/task-backend/node_modules/_egg-logrotator@3.1.0@egg-logrotator/app/schedule/clean_log.js
2023-07-10 16:18:37,684 INFO 26556 [egg-schedule]: register schedule /Users/xujiashuang/Desktop/task-backend/node_modules/_egg-logrotator@3.1.0@egg-logrotator/app/schedule/rotate_by_file.js
2023-07-10 16:18:39,539 INFO 26561 [egg-schedule]: register schedule /Users/xujiashuang/Desktop/task-backend/node_modules/_egg-multipart@3.3.0@egg-multipart/app/schedule/clean_tmpdir.js
2023-07-10 16:18:39,539 INFO 26561 [egg-schedule]: register schedule /Users/xujiashuang/Desktop/task-backend/node_modules/_egg-logrotator@3.1.0@egg-logrotator/app/schedule/clean_log.js
2023-07-10 16:18:39,539 INFO 26561 [egg-schedule]: register schedule /Users/xujiashuang/Desktop/task-backend/node_modules/_egg-logrotator@3.1.0@egg-logrotator/app/schedule/rotate_by_file.js
2023-07-10 16:19:06,330 INFO 26569 [egg-schedule]: register schedule /Users/xujiashuang/Desktop/task-backend/node_modules/_egg-multipart@3.3.0@egg-multipart/app/schedule/clean_tmpdir.js
2023-07-10 16:19:06,330 INFO 26569 [egg-schedule]: register schedule /Users/xujiashuang/Desktop/task-backend/node_modules/_egg-logrotator@3.1.0@egg-logrotator/app/schedule/clean_log.js
2023-07-10 16:19:06,330 INFO 26569 [egg-schedule]: register schedule /Users/xujiashuang/Desktop/task-backend/node_modules/_egg-logrotator@3.1.0@egg-logrotator/app/schedule/rotate_by_file.js
2023-07-10 16:19:09,258 INFO 26573 [egg-schedule]: register schedule /Users/xujiashuang/Desktop/task-backend/node_modules/_egg-multipart@3.3.0@egg-multipart/app/schedule/clean_tmpdir.js
2023-07-10 16:19:09,258 INFO 26573 [egg-schedule]: register schedule /Users/xujiashuang/Desktop/task-backend/node_modules/_egg-logrotator@3.1.0@egg-logrotator/app/schedule/clean_log.js
2023-07-10 16:19:09,258 INFO 26573 [egg-schedule]: register schedule /Users/xujiashuang/Desktop/task-backend/node_modules/_egg-logrotator@3.1.0@egg-logrotator/app/schedule/rotate_by_file.js
2023-07-10 16:19:11,219 INFO 26574 [egg-schedule]: register schedule /Users/xujiashuang/Desktop/task-backend/node_modules/_egg-multipart@3.3.0@egg-multipart/app/schedule/clean_tmpdir.js
2023-07-10 16:19:11,219 INFO 26574 [egg-schedule]: register schedule /Users/xujiashuang/Desktop/task-backend/node_modules/_egg-logrotator@3.1.0@egg-logrotator/app/schedule/clean_log.js
2023-07-10 16:19:11,219 INFO 26574 [egg-schedule]: register schedule /Users/xujiashuang/Desktop/task-backend/node_modules/_egg-logrotator@3.1.0@egg-logrotator/app/schedule/rotate_by_file.js
2023-07-10 16:21:18,243 INFO 26615 [egg-schedule]: register schedule /Users/xujiashuang/Desktop/task-backend/node_modules/_egg-multipart@3.3.0@egg-multipart/app/schedule/clean_tmpdir.js
2023-07-10 16:21:18,243 INFO 26615 [egg-schedule]: register schedule /Users/xujiashuang/Desktop/task-backend/node_modules/_egg-logrotator@3.1.0@egg-logrotator/app/schedule/clean_log.js
2023-07-10 16:21:18,243 INFO 26615 [egg-schedule]: register schedule /Users/xujiashuang/Desktop/task-backend/node_modules/_egg-logrotator@3.1.0@egg-logrotator/app/schedule/rotate_by_file.js
2023-07-10 16:29:46,345 INFO 26728 [egg-schedule]: register schedule /Users/xujiashuang/Desktop/task-backend/node_modules/_egg-multipart@3.3.0@egg-multipart/app/schedule/clean_tmpdir.js
2023-07-10 16:29:46,345 INFO 26728 [egg-schedule]: register schedule /Users/xujiashuang/Desktop/task-backend/node_modules/_egg-logrotator@3.1.0@egg-logrotator/app/schedule/clean_log.js
2023-07-10 16:29:46,345 INFO 26728 [egg-schedule]: register schedule /Users/xujiashuang/Desktop/task-backend/node_modules/_egg-logrotator@3.1.0@egg-logrotator/app/schedule/rotate_by_file.js
2023-07-10 16:31:45,218 INFO 26757 [egg-schedule]: register schedule /Users/xujiashuang/Desktop/task-backend/node_modules/_egg-multipart@3.3.0@egg-multipart/app/schedule/clean_tmpdir.js
2023-07-10 16:31:45,218 INFO 26757 [egg-schedule]: register schedule /Users/xujiashuang/Desktop/task-backend/node_modules/_egg-logrotator@3.1.0@egg-logrotator/app/schedule/clean_log.js
2023-07-10 16:31:45,218 INFO 26757 [egg-schedule]: register schedule /Users/xujiashuang/Desktop/task-backend/node_modules/_egg-logrotator@3.1.0@egg-logrotator/app/schedule/rotate_by_file.js
2023-07-10 16:32:10,345 INFO 26771 [egg-schedule]: register schedule /Users/xujiashuang/Desktop/task-backend/node_modules/_egg-multipart@3.3.0@egg-multipart/app/schedule/clean_tmpdir.js
2023-07-10 16:32:10,346 INFO 26771 [egg-schedule]: register schedule /Users/xujiashuang/Desktop/task-backend/node_modules/_egg-logrotator@3.1.0@egg-logrotator/app/schedule/clean_log.js
2023-07-10 16:32:10,346 INFO 26771 [egg-schedule]: register schedule /Users/xujiashuang/Desktop/task-backend/node_modules/_egg-logrotator@3.1.0@egg-logrotator/app/schedule/rotate_by_file.js
2023-07-10 16:32:43,085 INFO 26779 [egg-schedule]: register schedule /Users/xujiashuang/Desktop/task-backend/node_modules/_egg-multipart@3.3.0@egg-multipart/app/schedule/clean_tmpdir.js
2023-07-10 16:32:43,085 INFO 26779 [egg-schedule]: register schedule /Users/xujiashuang/Desktop/task-backend/node_modules/_egg-logrotator@3.1.0@egg-logrotator/app/schedule/clean_log.js
2023-07-10 16:32:43,085 INFO 26779 [egg-schedule]: register schedule /Users/xujiashuang/Desktop/task-backend/node_modules/_egg-logrotator@3.1.0@egg-logrotator/app/schedule/rotate_by_file.js
2023-07-20 09:13:56,811 INFO 4283 [egg-schedule]: register schedule /Users/xujiashuang/Desktop/task-backend/node_modules/_egg-multipart@3.3.0@egg-multipart/app/schedule/clean_tmpdir.js
2023-07-20 09:13:56,811 INFO 4283 [egg-schedule]: register schedule /Users/xujiashuang/Desktop/task-backend/node_modules/_egg-logrotator@3.1.0@egg-logrotator/app/schedule/clean_log.js
2023-07-20 09:13:56,811 INFO 4283 [egg-schedule]: register schedule /Users/xujiashuang/Desktop/task-backend/node_modules/_egg-logrotator@3.1.0@egg-logrotator/app/schedule/rotate_by_file.js
2023-07-20 09:13:56,811 INFO 4283 [egg-schedule]: register schedule /Users/xujiashuang/Desktop/task-backend/app/schedule/checkTaskStatus.js
2023-07-20 09:13:58,737 INFO 4292 [egg-schedule]: register schedule /Users/xujiashuang/Desktop/task-backend/node_modules/_egg-multipart@3.3.0@egg-multipart/app/schedule/clean_tmpdir.js
2023-07-20 09:13:58,737 INFO 4292 [egg-schedule]: register schedule /Users/xujiashuang/Desktop/task-backend/node_modules/_egg-logrotator@3.1.0@egg-logrotator/app/schedule/clean_log.js
2023-07-20 09:13:58,737 INFO 4292 [egg-schedule]: register schedule /Users/xujiashuang/Desktop/task-backend/node_modules/_egg-logrotator@3.1.0@egg-logrotator/app/schedule/rotate_by_file.js
2023-07-20 09:13:58,737 INFO 4292 [egg-schedule]: register schedule /Users/xujiashuang/Desktop/task-backend/app/schedule/checkTaskStatus.js
2023-07-20 09:14:01,616 INFO 4297 [egg-schedule]: register schedule /Users/xujiashuang/Desktop/task-backend/node_modules/_egg-multipart@3.3.0@egg-multipart/app/schedule/clean_tmpdir.js
2023-07-20 09:14:01,616 INFO 4297 [egg-schedule]: register schedule /Users/xujiashuang/Desktop/task-backend/node_modules/_egg-logrotator@3.1.0@egg-logrotator/app/schedule/clean_log.js
2023-07-20 09:14:01,616 INFO 4297 [egg-schedule]: register schedule /Users/xujiashuang/Desktop/task-backend/node_modules/_egg-logrotator@3.1.0@egg-logrotator/app/schedule/rotate_by_file.js
2023-07-20 09:14:01,616 INFO 4297 [egg-schedule]: register schedule /Users/xujiashuang/Desktop/task-backend/app/schedule/checkTaskStatus.js
